Log file opened on Mon Sep 17 11:40:56 2012
Host: Sandro-Bottaro.local  pid: 3038  nodeid: 0  nnodes:  1
The Gromacs distribution was built Tue Sep 11 12:35:00 CEST 2012 by
sandro@dhcp-054.sbp.sissa.it (Darwin 9.8.0 i386)


                         :-)  G  R  O  M  A  C  S  (-:

               GRoups of Organic Molecules in ACtion for Science

                            :-)  VERSION 4.5.5  (-:

        Written by Emile Apol, Rossen Apostolov, Herman J.C. Berendsen,
      Aldert van Buuren, Pär Bjelkmar, Rudi van Drunen, Anton Feenstra, 
        Gerrit Groenhof, Peter Kasson, Per Larsson, Pieter Meulenhoff, 
           Teemu Murtola, Szilard Pall, Sander Pronk, Roland Schulz, 
                Michael Shirts, Alfons Sijbers, Peter Tieleman,

               Berk Hess, David van der Spoel, and Erik Lindahl.

       Copyright (c) 1991-2000, University of Groningen, The Netherlands.
            Copyright (c) 2001-2010, The GROMACS development team at
        Uppsala University & The Royal Institute of Technology, Sweden.
            check out http://www.gromacs.org for more information.

         This program is free software; you can redistribute it and/or
          modify it under the terms of the GNU General Public License
         as published by the Free Software Foundation; either version 2
             of the License, or (at your option) any later version.

                                :-)  mdrun  (-:


++++ PLEASE READ AND CITE THE FOLLOWING REFERENCE ++++
B. Hess and C. Kutzner and D. van der Spoel and E. Lindahl
GROMACS 4: Algorithms for highly efficient, load-balanced, and scalable
molecular simulation
J. Chem. Theory Comput. 4 (2008) pp. 435-447
-------- -------- --- Thank You --- -------- --------


++++ PLEASE READ AND CITE THE FOLLOWING REFERENCE ++++
D. van der Spoel, E. Lindahl, B. Hess, G. Groenhof, A. E. Mark and H. J. C.
Berendsen
GROMACS: Fast, Flexible and Free
J. Comp. Chem. 26 (2005) pp. 1701-1719
-------- -------- --- Thank You --- -------- --------


++++ PLEASE READ AND CITE THE FOLLOWING REFERENCE ++++
E. Lindahl and B. Hess and D. van der Spoel
GROMACS 3.0: A package for molecular simulation and trajectory analysis
J. Mol. Mod. 7 (2001) pp. 306-317
-------- -------- --- Thank You --- -------- --------


++++ PLEASE READ AND CITE THE FOLLOWING REFERENCE ++++
H. J. C. Berendsen, D. van der Spoel and R. van Drunen
GROMACS: A message-passing parallel molecular dynamics implementation
Comp. Phys. Comm. 91 (1995) pp. 43-56
-------- -------- --- Thank You --- -------- --------

Input Parameters:
   integrator           = steep
   nsteps               = 1000
   init_step            = 0
   ns_type              = Simple
   nstlist              = 0
   ndelta               = 2
   nstcomm              = 10
   comm_mode            = Linear
   nstlog               = 100
   nstxout              = 10
   nstvout              = 100
   nstfout              = 0
   nstcalcenergy        = -1
   nstenergy            = 10
   nstxtcout            = 0
   init_t               = 0
   delta_t              = 0.001
   xtcprec              = 1000
   nkx                  = 0
   nky                  = 0
   nkz                  = 0
   pme_order            = 4
   ewald_rtol           = 1e-05
   ewald_geometry       = 0
   epsilon_surface      = 0
   optimize_fft         = TRUE
   ePBC                 = no
   bPeriodicMols        = FALSE
   bContinuation        = FALSE
   bShakeSOR            = FALSE
   etc                  = No
   nsttcouple           = -1
   epc                  = No
   epctype              = Isotropic
   nstpcouple           = -1
   tau_p                = 1
   ref_p (3x3):
      ref_p[    0]={ 0.00000e+00,  0.00000e+00,  0.00000e+00}
      ref_p[    1]={ 0.00000e+00,  0.00000e+00,  0.00000e+00}
      ref_p[    2]={ 0.00000e+00,  0.00000e+00,  0.00000e+00}
   compress (3x3):
      compress[    0]={ 0.00000e+00,  0.00000e+00,  0.00000e+00}
      compress[    1]={ 0.00000e+00,  0.00000e+00,  0.00000e+00}
      compress[    2]={ 0.00000e+00,  0.00000e+00,  0.00000e+00}
   refcoord_scaling     = No
   posres_com (3):
      posres_com[0]= 0.00000e+00
      posres_com[1]= 0.00000e+00
      posres_com[2]= 0.00000e+00
   posres_comB (3):
      posres_comB[0]= 0.00000e+00
      posres_comB[1]= 0.00000e+00
      posres_comB[2]= 0.00000e+00
   andersen_seed        = 815131
   rlist                = 0
   rlistlong            = 0
   rtpi                 = 0.05
   coulombtype          = Cut-off
   rcoulomb_switch      = 0
   rcoulomb             = 0
   vdwtype              = Cut-off
   rvdw_switch          = 0
   rvdw                 = 0
   epsilon_r            = 1
   epsilon_rf           = 1
   tabext               = 1
   implicit_solvent     = No
   gb_algorithm         = Still
   gb_epsilon_solvent   = 80
   nstgbradii           = 1
   rgbradii             = 1
   gb_saltconc          = 0
   gb_obc_alpha         = 1
   gb_obc_beta          = 0.8
   gb_obc_gamma         = 4.85
   gb_dielectric_offset = 0.009
   sa_algorithm         = Ace-approximation
   sa_surface_tension   = 2.05016
   DispCorr             = No
   free_energy          = no
   init_lambda          = 0
   delta_lambda         = 0
   n_foreign_lambda     = 0
   sc_alpha             = 0
   sc_power             = 0
   sc_sigma             = 0.3
   sc_sigma_min         = 0.3
   nstdhdl              = 10
   separate_dhdl_file   = yes
   dhdl_derivatives     = yes
   dh_hist_size         = 0
   dh_hist_spacing      = 0.1
   nwall                = 0
   wall_type            = 9-3
   wall_atomtype[0]     = -1
   wall_atomtype[1]     = -1
   wall_density[0]      = 0
   wall_density[1]      = 0
   wall_ewald_zfac      = 3
   pull                 = no
   disre                = No
   disre_weighting      = Conservative
   disre_mixed          = FALSE
   dr_fc                = 1000
   dr_tau               = 0
   nstdisreout          = 100
   orires_fc            = 0
   orires_tau           = 0
   nstorireout          = 100
   dihre-fc             = 1000
   em_stepsize          = 0.1
   em_tol               = 1000
   niter                = 20
   fc_stepsize          = 0
   nstcgsteep           = 1000
   nbfgscorr            = 10
   ConstAlg             = Lincs
   shake_tol            = 0.0001
   lincs_order          = 4
   lincs_warnangle      = 30
   lincs_iter           = 1
   bd_fric              = 0
   ld_seed              = 1993
   cos_accel            = 0
   deform (3x3):
      deform[    0]={ 0.00000e+00,  0.00000e+00,  0.00000e+00}
      deform[    1]={ 0.00000e+00,  0.00000e+00,  0.00000e+00}
      deform[    2]={ 0.00000e+00,  0.00000e+00,  0.00000e+00}
   userint1             = 0
   userint2             = 0
   userint3             = 0
   userint4             = 0
   userreal1            = 0
   userreal2            = 0
   userreal3            = 0
   userreal4            = 0
grpopts:
   nrdf:         156
   ref_t:           0
   tau_t:           0
anneal:          No
ann_npoints:           0
   acc:	           0           0           0
   nfreeze:           N           N           N
   energygrp_flags[  0]: 0
   efield-x:
      n = 0
   efield-xt:
      n = 0
   efield-y:
      n = 0
   efield-yt:
      n = 0
   efield-z:
      n = 0
   efield-zt:
      n = 0
   bQMMM                = FALSE
   QMconstraints        = 0
   QMMMscheme           = 0
   scalefactor          = 1
qm_opts:
   ngQM                 = 0

Using accelerated all-vs-all kernels.

Table routines are used for coulomb: FALSE
Table routines are used for vdw:     FALSE
Cut-off's:   NS: 1e+18   Coulomb: 1e+18   LJ: 1e+18
System total charge: 0.000
Generated table with 500 data points for 1-4 COUL.
Tabscale = 500 points/nm
Generated table with 500 data points for 1-4 LJ6.
Tabscale = 500 points/nm
Generated table with 500 data points for 1-4 LJ12.
Tabscale = 500 points/nm
Configuring nonbonded kernels...
Configuring standard C nonbonded kernels...
Testing ia32 SSE2 support... present.


Initiating Steepest Descents
Started Steepest Descents on node 0 Mon Sep 17 11:40:56 2012

Steepest Descents:
   Tolerance (Fmax)   =  1.00000e+03
   Number of steps    =         1000
           Step           Time         Lambda
              0        0.00000        0.00000

   Energies (kJ/mol)
           Bond            U-B    Proper Dih.  Improper Dih.      CMAP Dih.
    4.29835e+02    1.29354e+02    6.42233e+01    1.74764e-01   -1.73967e+01
          LJ-14     Coulomb-14        LJ (SR)   Coulomb (SR)      Potential
    7.03303e+01    1.77232e+03    9.73479e+01   -1.51382e+03    1.03237e+03
 Pressure (bar)
    0.00000e+00

           Step           Time         Lambda
              1        1.00000        0.00000

           Step           Time         Lambda
              2        2.00000        0.00000

           Step           Time         Lambda
              3        3.00000        0.00000

           Step           Time         Lambda
              4        4.00000        0.00000

   Energies (kJ/mol)
           Bond            U-B    Proper Dih.  Improper Dih.      CMAP Dih.
    2.28741e+02    2.13788e+02    6.83056e+01    4.62457e-01   -1.66258e+01
          LJ-14     Coulomb-14        LJ (SR)   Coulomb (SR)      Potential
    5.38532e+01    1.75884e+03    3.99917e+01   -1.54942e+03    7.97937e+02
 Pressure (bar)
    0.00000e+00

           Step           Time         Lambda
              5        5.00000        0.00000

   Energies (kJ/mol)
           Bond            U-B    Proper Dih.  Improper Dih.      CMAP Dih.
    2.36249e+02    1.08527e+02    6.48269e+01    9.47061e-01   -1.82426e+01
          LJ-14     Coulomb-14        LJ (SR)   Coulomb (SR)      Potential
    4.67948e+01    1.77455e+03    3.15152e+01   -1.52756e+03    7.17608e+02
 Pressure (bar)
    0.00000e+00

           Step           Time         Lambda
              6        6.00000        0.00000

           Step           Time         Lambda
              7        7.00000        0.00000

   Energies (kJ/mol)
           Bond            U-B    Proper Dih.  Improper Dih.      CMAP Dih.
    4.30912e+01    1.27225e+02    6.64548e+01    9.32439e-01   -1.68543e+01
          LJ-14     Coulomb-14        LJ (SR)   Coulomb (SR)      Potential
    3.88975e+01    1.76837e+03    2.45306e+01   -1.54128e+03    5.11375e+02
 Pressure (bar)
    0.00000e+00

           Step           Time         Lambda
              8        8.00000        0.00000

           Step           Time         Lambda
              9        9.00000        0.00000

   Energies (kJ/mol)
           Bond            U-B    Proper Dih.  Improper Dih.      CMAP Dih.
    3.10838e+01    9.21193e+01    6.59782e+01    5.00335e-01   -1.76263e+01
          LJ-14     Coulomb-14        LJ (SR)   Coulomb (SR)      Potential
    4.04745e+01    1.77116e+03    2.10694e+01   -1.53841e+03    4.66350e+02
 Pressure (bar)
    0.00000e+00

           Step           Time         Lambda
             10       10.00000        0.00000

           Step           Time         Lambda
             11       11.00000        0.00000

   Energies (kJ/mol)
           Bond            U-B    Proper Dih.  Improper Dih.      CMAP Dih.
    1.39019e+01    1.01973e+02    6.65825e+01    5.93904e-01   -1.72740e+01
          LJ-14     Coulomb-14        LJ (SR)   Coulomb (SR)      Potential
    3.50435e+01    1.77137e+03    1.66753e+01   -1.54266e+03    4.46210e+02
 Pressure (bar)
    0.00000e+00

           Step           Time         Lambda
             12       12.00000        0.00000

   Energies (kJ/mol)
           Bond            U-B    Proper Dih.  Improper Dih.      CMAP Dih.
    2.55854e+01    8.16544e+01    6.64058e+01    5.24725e-01   -1.79950e+01
          LJ-14     Coulomb-14        LJ (SR)   Coulomb (SR)      Potential
    3.53603e+01    1.77383e+03    1.33617e+01   -1.54172e+03    4.37001e+02
 Pressure (bar)
    0.00000e+00

           Step           Time         Lambda
             13       13.00000        0.00000

           Step           Time         Lambda
             14       14.00000        0.00000

   Energies (kJ/mol)
           Bond            U-B    Proper Dih.  Improper Dih.      CMAP Dih.
    6.94450e+00    8.73528e+01    6.67556e+01    6.19009e-01   -1.76754e+01
          LJ-14     Coulomb-14        LJ (SR)   Coulomb (SR)      Potential
    3.22313e+01    1.77408e+03    1.11095e+01   -1.54478e+03    4.16638e+02
 Pressure (bar)
    0.00000e+00

           Step           Time         Lambda
             15       15.00000        0.00000

   Energies (kJ/mol)
           Bond            U-B    Proper Dih.  Improper Dih.      CMAP Dih.
    1.82080e+01    7.28592e+01    6.67748e+01    6.49447e-01   -1.82943e+01
          LJ-14     Coulomb-14        LJ (SR)   Coulomb (SR)      Potential
    3.13119e+01    1.77694e+03    7.41396e+00   -1.54560e+03    4.10267e+02
 Pressure (bar)
    0.00000e+00

           Step           Time         Lambda
             16       16.00000        0.00000

           Step           Time         Lambda
             17       17.00000        0.00000

   Energies (kJ/mol)
           Bond            U-B    Proper Dih.  Improper Dih.      CMAP Dih.
    5.24450e+00    7.68257e+01    6.70012e+01    7.26381e-01   -1.80388e+01
          LJ-14     Coulomb-14        LJ (SR)   Coulomb (SR)      Potential
    2.92935e+01    1.77729e+03    5.98147e+00   -1.54801e+03    3.96319e+02
 Pressure (bar)
    0.00000e+00


Steepest Descents converged to Fmax < 1000 in 18 steps
Potential Energy  =  3.9631909e+02
Maximum force     =  7.1371399e+02 on atom 31
Norm of force     =  3.4129843e+02

	M E G A - F L O P S   A C C O U N T I N G

   RF=Reaction-Field  FE=Free Energy  SCFE=Soft-Core/Free Energy
   T=Tabulated        W3=SPC/TIP3p    W4=TIP4p (single or pairs)
   NF=No Forces

 Computing:                               M-Number         M-Flops  % Flops
-----------------------------------------------------------------------------
 LJ                                       0.001674           0.055     2.9
 All-vs-All, Coul + LJ                    0.025272           0.960    51.2
 Outer nonbonded loop                     0.000954           0.010     0.5
 1,4 nonbonded interactions               0.002232           0.201    10.7
 Bonds                                    0.000936           0.055     2.9
 Propers                                  0.002304           0.528    28.2
 Impropers                                0.000162           0.034     1.8
 Virial                                   0.001764           0.032     1.7
 (null)                                   0.000054           0.000     0.0
-----------------------------------------------------------------------------
 Total                                                       1.874   100.0
-----------------------------------------------------------------------------


     R E A L   C Y C L E   A N D   T I M E   A C C O U N T I N G

 Computing:         Nodes     Number     G-Cycles    Seconds     %
-----------------------------------------------------------------------
 Force                  1         18        0.005        0.0    21.8
 Rest                   1                   0.018        0.0    78.2
-----------------------------------------------------------------------
 Total                  1                   0.023        0.0   100.0
-----------------------------------------------------------------------

               NODE (s)   Real (s)      (%)
       Time:      0.005      0.005     97.5
               (Mnbf/s)   (MFlops)   (steps/hour)
Performance:      0.361      1.874     13968527.7
Finished mdrun on node 0 Mon Sep 17 11:40:56 2012
