

*******************************************************************************
Wed Sep 19 16:54:26 2012


FIT:    data read from 'results/compare.txt' u 1:3
        #datapoints = 100
        residuals are weighted equally (unit weight)

function used for fitting: g(x)


*******************************************************************************
Wed Sep 19 16:54:31 2012


FIT:    data read from 'results/compare.txt' u 1:3
        #datapoints = 100
        residuals are weighted equally (unit weight)

function used for fitting: g(x)
fitted parameters initialized with current variable values



 Iteration 0
 WSSR        : 281.378           delta(WSSR)/WSSR   : 0
 delta(WSSR) : 0                 limit for stopping : 1e-05
 lambda	  : 1285.07

initial set of free parameter values

a               = 1
b               = 1

After 2 iterations the fit converged.
final sum of squares of residuals : 220.046
rel. change during last iteration : -6.9188e-06

degrees of freedom    (FIT_NDF)                        : 98
rms of residuals      (FIT_STDFIT) = sqrt(WSSR/ndf)    : 1.49846
variance of residuals (reduced chisquare) = WSSR/ndf   : 2.24537

Final set of parameters            Asymptotic Standard Error
=======================            ==========================

a               = 0.999569         +/- 0.0113       (1.131%)
b               = 1.00001          +/- 20.54        (2054%)


correlation matrix of the fit parameters:

               a      b      
a               1.000 
b              -1.000  1.000 


*******************************************************************************
Wed Sep 19 16:54:59 2012


FIT:    data read from 'results/compare.txt' u 1:3
        #datapoints = 100
        residuals are weighted equally (unit weight)

function used for fitting: g(x)
fitted parameters initialized with current variable values



 Iteration 0
 WSSR        : 8316.6            delta(WSSR)/WSSR   : 0
 delta(WSSR) : 0                 limit for stopping : 1e-05
 lambda	  : 1285.07

initial set of free parameter values

a               = 0.999569
b               = 10

After 3 iterations the fit converged.
final sum of squares of residuals : 217.048
rel. change during last iteration : -1.13456e-06

degrees of freedom    (FIT_NDF)                        : 98
rms of residuals      (FIT_STDFIT) = sqrt(WSSR/ndf)    : 1.48821
variance of residuals (reduced chisquare) = WSSR/ndf   : 2.21478

Final set of parameters            Asymptotic Standard Error
=======================            ==========================

a               = 0.994616         +/- 0.01123      (1.129%)
b               = 10.0009          +/- 20.4         (204%)


correlation matrix of the fit parameters:

               a      b      
a               1.000 
b              -1.000  1.000 


*******************************************************************************
Wed Sep 19 16:55:09 2012


FIT:    data read from 'results/compare.txt' u 1:3
        #datapoints = 100
        residuals are weighted equally (unit weight)

function used for fitting: g(x)
fitted parameters initialized with current variable values



 Iteration 0
 WSSR        : 40226.2           delta(WSSR)/WSSR   : 0
 delta(WSSR) : 0                 limit for stopping : 1e-05
 lambda	  : 1285.07

initial set of free parameter values

a               = 0.994616
b               = -10

After 3 iterations the fit converged.
final sum of squares of residuals : 224.88
rel. change during last iteration : -3.33898e-06

degrees of freedom    (FIT_NDF)                        : 98
rms of residuals      (FIT_STDFIT) = sqrt(WSSR/ndf)    : 1.51482
variance of residuals (reduced chisquare) = WSSR/ndf   : 2.29469

Final set of parameters            Asymptotic Standard Error
=======================            ==========================

a               = 1.00562          +/- 0.01143      (1.136%)
b               = -9.99847         +/- 20.77        (207.7%)


correlation matrix of the fit parameters:

               a      b      
a               1.000 
b              -1.000  1.000 
